<?xml version="1.0" encoding="UTF-8"?>
<testng-results ignored="1" total="3" passed="2" failed="0" skipped="0">
  <reporter-output>
  </reporter-output>
  <suite started-at="2023-09-01T15:28:04Z" name="Suite" finished-at="2023-09-01T15:28:08Z" duration-ms="3767">
    <groups>
    </groups>
    <test started-at="2023-09-01T15:28:04Z" name="Test" finished-at="2023-09-01T15:28:08Z" duration-ms="3767">
      <class name="test.HomePageTest">
        <test-method is-config="true" signature="setup()[pri:0, instance:test.HomePageTest@33065d67]" started-at="2023-09-01T11:28:01Z" name="setup" finished-at="2023-09-01T11:28:04Z" duration-ms="2850" status="PASS">
          <reporter-output>
          </reporter-output>
        </test-method> <!-- setup -->
        <test-method signature="hmTest()[pri:0, instance:test.HomePageTest@33065d67]" started-at="2023-09-01T11:28:04Z" name="hmTest" finished-at="2023-09-01T11:28:04Z" duration-ms="129" status="PASS">
          <reporter-output>
          </reporter-output>
        </test-method> <!-- hmTest -->
      </class> <!-- test.HomePageTest -->
      <class name="test.CreatePageTest">
        <test-method signature="cpTest(java.lang.String, java.lang.String, java.lang.String, java.lang.String, java.lang.String, java.lang.String, java.lang.String, java.lang.String)[pri:0, instance:test.CreatePageTest@712625fd]" started-at="2023-09-01T11:28:05Z" name="cpTest" data-provider="dp" finished-at="2023-09-01T11:28:08Z" duration-ms="2705" status="PASS">
          <params>
            <param index="0">
              <value>
                <![CDATA[Nadim]]>
              </value>
            </param>
            <param index="1">
              <value>
                <![CDATA[Hussain]]>
              </value>
            </param>
            <param index="2">
              <value>
                <![CDATA[Nadim@gmail.com]]>
              </value>
            </param>
            <param index="3">
              <value>
                <![CDATA[HelloNY]]>
              </value>
            </param>
            <param index="4">
              <value>
                <![CDATA[Mar]]>
              </value>
            </param>
            <param index="5">
              <value>
                <![CDATA[3]]>
              </value>
            </param>
            <param index="6">
              <value>
                <![CDATA[1994]]>
              </value>
            </param>
            <param index="7">
              <value>
                <![CDATA[Male]]>
              </value>
            </param>
          </params>
          <reporter-output>
          </reporter-output>
        </test-method> <!-- cpTest -->
      </class> <!-- test.CreatePageTest -->
    </test> <!-- Test -->
  </suite> <!-- Suite -->
</testng-results>
