<?xml version="1.0" encoding="UTF-8"?>
<!-- Generated by org.testng.reporters.JUnitXMLReporter -->
<testsuite ignored="1" hostname="Beauty" failures="0" tests="2" name="Test" time="3.767" errors="0" timestamp="01 Sep 2023 15:28:08 GMT">
  <testcase classname="test.HomePageTest" name="hmTest" time="0.129"/>
  <testcase classname="test.CreatePageTest" name="cpTest" time="2.705"/>
  <testcase classname="test.BaseTest" name="@BeforeSuite setup" time="0.0">
    <ignored/>
  </testcase> <!-- @BeforeSuite setup -->
</testsuite> <!-- Test -->
